<?xml version="1.0" encoding="UTF-8"?>
<robot generator="Robot 4.1.3 (Python 3.10.2 on win32)" generated="20230127 11:14:18.973" rpa="false" schemaversion="2">
<suite id="s1" name="Test1" source="C:\Users\mohisl\pracEnv\RobotFiles\Demo1\test1.robot">
<test id="s1-t1" name="Demo Test">
<kw name="Open Server1">
<kw name="Open Browser" library="SeleniumLibrary">
<arg>${SERVER}</arg>
<arg>${BROWSER}</arg>
<doc>Opens a new browser instance to the optional ``url``.</doc>
<msg timestamp="20230127 11:14:19.121" level="INFO">Opening browser 'Chrome' to base url 'https://www.amazon.com/'.</msg>
<status status="PASS" starttime="20230127 11:14:19.121" endtime="20230127 11:14:24.275"/>
</kw>
<kw name="Maximize Browser Window" library="SeleniumLibrary">
<doc>Maximizes current browser window.</doc>
<status status="PASS" starttime="20230127 11:14:24.275" endtime="20230127 11:14:24.398"/>
</kw>
<kw name="Set Selenium Speed" library="SeleniumLibrary">
<arg>${DELAY}</arg>
<doc>Sets the delay that is waited after each Selenium command.</doc>
<status status="PASS" starttime="20230127 11:14:24.399" endtime="20230127 11:14:24.399"/>
</kw>
<status status="PASS" starttime="20230127 11:14:19.121" endtime="20230127 11:14:24.399"/>
</kw>
<kw name="Search product">
<kw name="Input Text" library="SeleniumLibrary">
<arg>id = twotabsearchtextbox</arg>
<arg>${searchword}</arg>
<doc>Types the given ``text`` into the text field identified by ``locator``.</doc>
<msg timestamp="20230127 11:14:24.400" level="INFO">Typing text 'iphone 12' into text field 'id = twotabsearchtextbox'.</msg>
<status status="PASS" starttime="20230127 11:14:24.400" endtime="20230127 11:14:24.515"/>
</kw>
<kw name="Click Button" library="SeleniumLibrary">
<arg>id = nav-search-submit-button</arg>
<doc>Clicks the button identified by ``locator``.</doc>
<msg timestamp="20230127 11:14:24.515" level="INFO">Clicking button 'id = nav-search-submit-button'.</msg>
<status status="PASS" starttime="20230127 11:14:24.515" endtime="20230127 11:14:27.235"/>
</kw>
<kw name="Click Element" library="SeleniumLibrary">
<arg>${link1}</arg>
<doc>Click the element identified by ``locator``.</doc>
<msg timestamp="20230127 11:14:27.235" level="INFO">Clicking element 'link : Apple iPhone 12, 256GB, Blue - Unlocked (Renewed Premium)'.</msg>
<status status="PASS" starttime="20230127 11:14:27.235" endtime="20230127 11:14:31.003"/>
</kw>
<status status="PASS" starttime="20230127 11:14:24.400" endtime="20230127 11:14:31.003"/>
</kw>
<kw name="Go Back">
<kw name="Execute Javascript" library="SeleniumLibrary">
<arg>history.back()</arg>
<doc>Executes the given JavaScript code with possible arguments.</doc>
<msg timestamp="20230127 11:14:31.004" level="INFO">Executing JavaScript:
history.back()
Without any arguments.</msg>
<status status="PASS" starttime="20230127 11:14:31.003" endtime="20230127 11:14:31.045"/>
</kw>
<status status="PASS" starttime="20230127 11:14:31.003" endtime="20230127 11:14:31.045"/>
</kw>
<kw name="Different search">
<kw name="Go To" library="SeleniumLibrary">
<arg>${url2}</arg>
<doc>Navigates the current browser window to the provided ``url``.</doc>
<msg timestamp="20230127 11:14:31.046" level="INFO">Opening url 'https://www.wapice.com/'</msg>
<status status="PASS" starttime="20230127 11:14:31.046" endtime="20230127 11:14:33.488"/>
</kw>
<kw name="Click Element" library="SeleniumLibrary">
<arg>${link2}</arg>
<doc>Click the element identified by ``locator``.</doc>
<msg timestamp="20230127 11:14:33.488" level="INFO">Clicking element 'link : News &amp; Events'.</msg>
<status status="PASS" starttime="20230127 11:14:33.488" endtime="20230127 11:14:34.640"/>
</kw>
<kw name="Sleep" library="BuiltIn">
<arg>20s</arg>
<doc>Pauses the test executed for the given time.</doc>
<msg timestamp="20230127 11:14:54.651" level="INFO">Slept 20 seconds</msg>
<status status="PASS" starttime="20230127 11:14:34.640" endtime="20230127 11:14:54.651"/>
</kw>
<status status="PASS" starttime="20230127 11:14:31.046" endtime="20230127 11:14:54.651"/>
</kw>
<kw name="Close Browser" library="SeleniumLibrary">
<doc>Closes the current browser.</doc>
<status status="PASS" starttime="20230127 11:14:54.651" endtime="20230127 11:14:56.979"/>
</kw>
<status status="PASS" starttime="20230127 11:14:19.121" endtime="20230127 11:14:56.979"/>
</test>
<status status="PASS" starttime="20230127 11:14:18.973" endtime="20230127 11:14:56.979"/>
</suite>
<statistics>
<total>
<stat pass="1" fail="0" skip="0">All Tests</stat>
</total>
<tag>
</tag>
<suite>
<stat pass="1" fail="0" skip="0" id="s1" name="Test1">Test1</stat>
</suite>
</statistics>
<errors>
</errors>
</robot>
